<?xml version="1.0" encoding="UTF-8"?>
<!-- Generated by org.testng.reporters.JUnitReportReporter -->
<testsuite hostname="DESKTOP-VQIDFIN" failures="0" tests="1" name="com.testscripts.demoblaze.PlaceTheOrder" time="34.462" errors="0" timestamp="2023-03-20T06:01:19 IST" skipped="0">
  <testcase classname="com.testscripts.demoblaze.PlaceTheOrder" name="placeTheOrderTest" time="34.462"/>
  <system-out>
    <![CDATA[Order is placed]]>
  </system-out>
</testsuite> <!-- com.testscripts.demoblaze.PlaceTheOrder -->
