<?xml version="1.0" encoding="UTF-8"?>
<!-- Generated by org.testng.reporters.JUnitReportReporter -->
<testsuite hostname="DESKTOP-VQIDFIN" failures="0" tests="1" name="com.testscripts.demoblaze.AddToCart" time="23.696" errors="0" timestamp="2023-03-20T06:01:19 IST" skipped="0">
  <testcase classname="com.testscripts.demoblaze.AddToCart" name="addToCartTest" time="23.696"/>
  <system-out>
    <![CDATA[Added to the Cart]]>
  </system-out>
</testsuite> <!-- com.testscripts.demoblaze.AddToCart -->
