<?xml version="1.0" encoding="UTF-8"?>
<!-- Generated by org.testng.reporters.JUnitReportReporter -->
<testsuite hostname="DESKTOP-VQIDFIN" failures="0" tests="1" name="com.testscripts.demoblaze.PlaceTheOrder" time="0.000" errors="0" timestamp="2023-03-20T19:31:07 IST" skipped="1">
  <testcase classname="com.testscripts.demoblaze.PlaceTheOrder" name="placeTheOrderTest" time="0.000">
    <skipped/>
  </testcase> <!-- placeTheOrderTest -->
  <system-out/>
</testsuite> <!-- com.testscripts.demoblaze.PlaceTheOrder -->
